31/05/2020 22:52:22 : INFO  : com.airtel.utilities.InvokeWebDriver : InvokeWebDriver-->>getWebDriverInstance start  
31/05/2020 22:52:22 : INFO  : com.airtel.utilities.InvokeWebDriver : InvokeWebDriver-->>getWebDriverInstance  null 
31/05/2020 22:52:26 : INFO  : com.airtel.utilities.InvokeWebDriver : InvokeWebDriver-->>getWebDriverInstance start  
31/05/2020 22:52:26 : INFO  : com.airtel.utilities.InvokeWebDriver : InvokeWebDriver-->>getWebDriverInstance start  
31/05/2020 22:52:26 : INFO  : com.airtel.utilities.InvokeWebDriver : InvokeWebDriver-->>getWebDriverInstance  ChromeDriver: chrome on XP (a75840e3ceb9bd24fc648999c39bd9e1) 
31/05/2020 22:52:26 : INFO  : com.airtel.utilities.InvokeWebDriver : InvokeWebDriver-->>getWebDriverInstance start  
31/05/2020 22:52:33 : INFO  : com.airtel.utilities.Keywords : Executing isElementPresent keyword-->Start 
31/05/2020 22:52:33 : INFO  : com.airtel.utilities.Keywords : Executing getObject keyword-->Start 
31/05/2020 22:52:33 : INFO  : com.airtel.utilities.Keywords : Executing getObject keyword-->End 
31/05/2020 22:52:33 : INFO  : com.airtel.utilities.Keywords : Executing isElementPresent keyword-->End 
31/05/2020 22:52:33 : INFO  : com.airtel.utilities.Keywords : Executing isElementPresent keyword-->Start 
31/05/2020 22:52:33 : INFO  : com.airtel.utilities.Keywords : Executing getObject keyword-->Start 
31/05/2020 22:52:33 : INFO  : com.airtel.utilities.Keywords : Executing getObject keyword-->End 
31/05/2020 22:52:33 : INFO  : com.airtel.utilities.Keywords : Executing isElementPresent keyword-->End 
31/05/2020 22:52:33 : INFO  : com.airtel.utilities.Keywords : Executing isElementPresent keyword-->Start 
31/05/2020 22:52:33 : INFO  : com.airtel.utilities.Keywords : Executing getObject keyword-->Start 
31/05/2020 22:52:33 : INFO  : com.airtel.utilities.Keywords : Executing getObject keyword-->End 
31/05/2020 22:52:33 : INFO  : com.airtel.utilities.Keywords : Executing isElementPresent keyword-->End 
31/05/2020 22:52:33 : INFO  : com.airtel.utilities.Keywords : Executing isElementPresent keyword-->Start 
31/05/2020 22:52:33 : INFO  : com.airtel.utilities.Keywords : Executing getObject keyword-->Start 
31/05/2020 22:52:33 : INFO  : com.airtel.utilities.Keywords : Executing getObject keyword-->End 
31/05/2020 22:52:33 : INFO  : com.airtel.utilities.Keywords : Executing isElementPresent keyword-->End 
31/05/2020 22:52:34 : INFO  : com.airtel.utilities.Keywords : Executing isElementPresent keyword-->Start 
31/05/2020 22:52:34 : INFO  : com.airtel.utilities.Keywords : Executing getObject keyword-->Start 
31/05/2020 22:52:34 : INFO  : com.airtel.utilities.Keywords : Executing getObject keyword-->End 
31/05/2020 22:52:34 : INFO  : com.airtel.utilities.Keywords : Executing isElementPresent keyword-->End 
31/05/2020 22:52:35 : INFO  : com.airtel.utilities.Keywords : Executing isElementPresent keyword-->Start 
31/05/2020 22:52:35 : INFO  : com.airtel.utilities.Keywords : Executing getObject keyword-->Start 
31/05/2020 22:52:35 : INFO  : com.airtel.utilities.Keywords : Executing getObject keyword-->End 
31/05/2020 22:52:35 : INFO  : com.airtel.utilities.Keywords : Executing isElementPresent keyword-->End 
31/05/2020 22:52:36 : INFO  : com.airtel.utilities.Keywords : Executing isElementPresent keyword-->Start 
31/05/2020 22:52:36 : INFO  : com.airtel.utilities.Keywords : Executing getObject keyword-->Start 
31/05/2020 22:52:37 : INFO  : com.airtel.utilities.Keywords : Executing getObject keyword-->End 
31/05/2020 22:52:37 : INFO  : com.airtel.utilities.Keywords : Executing isElementPresent keyword-->End 
31/05/2020 22:52:38 : INFO  : com.airtel.utilities.Keywords : Executing getObject keyword-->Start 
31/05/2020 22:52:38 : INFO  : com.airtel.utilities.Keywords : Executing getObject keyword-->End 
31/05/2020 22:52:39 : INFO  : com.airtel.utilities.Keywords : Executing isElementPresent keyword-->Start 
31/05/2020 22:52:39 : INFO  : com.airtel.utilities.Keywords : Executing getObject keyword-->Start 
31/05/2020 22:52:39 : INFO  : com.airtel.utilities.Keywords : Executing getObject keyword-->End 
31/05/2020 22:52:39 : INFO  : com.airtel.utilities.Keywords : Executing isElementPresent keyword-->End 
31/05/2020 22:52:40 : INFO  : com.airtel.utilities.Keywords : Executing getObject keyword-->Start 
31/05/2020 22:52:40 : INFO  : com.airtel.utilities.Keywords : Executing getObject keyword-->End 
31/05/2020 22:52:41 : INFO  : com.airtel.utilities.Keywords : Executing isElementPresent keyword-->Start 
31/05/2020 22:52:41 : INFO  : com.airtel.utilities.Keywords : Executing getObject keyword-->Start 
31/05/2020 22:52:41 : INFO  : com.airtel.utilities.Keywords : Executing getObject keyword-->End 
31/05/2020 22:52:41 : INFO  : com.airtel.utilities.Keywords : Executing isElementPresent keyword-->End 
31/05/2020 22:52:42 : INFO  : com.airtel.utilities.Keywords : Executing getObject keyword-->Start 
31/05/2020 22:52:42 : INFO  : com.airtel.utilities.Keywords : Executing getObject keyword-->End 
31/05/2020 22:52:44 : INFO  : com.airtel.utilities.Keywords : Executing isElementPresent keyword-->Start 
31/05/2020 22:52:44 : INFO  : com.airtel.utilities.Keywords : Executing getObject keyword-->Start 
31/05/2020 22:52:45 : INFO  : com.airtel.utilities.Keywords : Executing getObject keyword-->End 
31/05/2020 22:52:45 : INFO  : com.airtel.utilities.Keywords : Executing isElementPresent keyword-->End 
31/05/2020 22:52:46 : INFO  : com.airtel.utilities.Keywords : Executing getObject keyword-->Start 
31/05/2020 22:52:46 : INFO  : com.airtel.utilities.Keywords : Executing getObject keyword-->End 
31/05/2020 22:52:47 : INFO  : com.airtel.utilities.Keywords : Executing isElementPresent keyword-->Start 
31/05/2020 22:52:47 : INFO  : com.airtel.utilities.Keywords : Executing getObject keyword-->Start 
31/05/2020 22:52:47 : INFO  : com.airtel.utilities.Keywords : Executing getObject keyword-->End 
31/05/2020 22:52:47 : INFO  : com.airtel.utilities.Keywords : Executing isElementPresent keyword-->End 
31/05/2020 22:52:48 : INFO  : com.airtel.utilities.Keywords : Executing getObject keyword-->Start 
31/05/2020 22:52:48 : INFO  : com.airtel.utilities.Keywords : Executing getObject keyword-->End 
31/05/2020 22:52:49 : INFO  : com.airtel.utilities.Keywords : Executing isElementPresent keyword-->Start 
31/05/2020 22:52:49 : INFO  : com.airtel.utilities.Keywords : Executing getObject keyword-->Start 
31/05/2020 22:52:49 : INFO  : com.airtel.utilities.Keywords : Executing getObject keyword-->End 
31/05/2020 22:52:49 : INFO  : com.airtel.utilities.Keywords : Executing isElementPresent keyword-->End 
31/05/2020 22:52:50 : INFO  : com.airtel.utilities.Keywords : Executing getObject keyword-->Start 
31/05/2020 22:52:50 : INFO  : com.airtel.utilities.Keywords : Executing getObject keyword-->End 
31/05/2020 22:52:51 : INFO  : com.airtel.utilities.Keywords : Executing isElementPresent keyword-->Start 
31/05/2020 22:52:51 : INFO  : com.airtel.utilities.Keywords : Executing getObject keyword-->Start 
31/05/2020 22:52:51 : INFO  : com.airtel.utilities.Keywords : Executing getObject keyword-->End 
31/05/2020 22:52:51 : INFO  : com.airtel.utilities.Keywords : Executing isElementPresent keyword-->End 
31/05/2020 22:52:52 : INFO  : com.airtel.utilities.Keywords : Executing isElementPresent keyword-->Start 
31/05/2020 22:52:52 : INFO  : com.airtel.utilities.Keywords : Executing getObject keyword-->Start 
31/05/2020 22:52:52 : INFO  : com.airtel.utilities.Keywords : Executing getObject keyword-->End 
31/05/2020 22:52:52 : INFO  : com.airtel.utilities.Keywords : Executing isElementPresent keyword-->End 
31/05/2020 22:52:53 : INFO  : com.airtel.utilities.Keywords : Executing isElementPresent keyword-->Start 
31/05/2020 22:52:53 : INFO  : com.airtel.utilities.Keywords : Executing getObject keyword-->Start 
31/05/2020 22:52:53 : INFO  : com.airtel.utilities.Keywords : Executing getObject keyword-->End 
31/05/2020 22:52:54 : INFO  : com.airtel.utilities.Keywords : Executing isElementPresent keyword-->End 
31/05/2020 22:52:55 : INFO  : com.airtel.utilities.Keywords : Executing isElementPresent keyword-->Start 
31/05/2020 22:52:55 : INFO  : com.airtel.utilities.Keywords : Executing getObject keyword-->Start 
31/05/2020 22:52:55 : INFO  : com.airtel.utilities.Keywords : Executing getObject keyword-->End 
31/05/2020 22:52:55 : INFO  : com.airtel.utilities.Keywords : Executing isElementPresent keyword-->End 
31/05/2020 22:52:56 : INFO  : com.airtel.utilities.Keywords : Executing isElementPresent keyword-->Start 
31/05/2020 22:52:56 : INFO  : com.airtel.utilities.Keywords : Executing getObject keyword-->Start 
31/05/2020 22:52:56 : INFO  : com.airtel.utilities.Keywords : Executing getObject keyword-->End 
31/05/2020 22:52:56 : INFO  : com.airtel.utilities.Keywords : Executing isElementPresent keyword-->End 
31/05/2020 22:52:57 : INFO  : com.airtel.utilities.Keywords : Executing isElementPresent keyword-->Start 
31/05/2020 22:52:57 : INFO  : com.airtel.utilities.Keywords : Executing getObject keyword-->Start 
31/05/2020 22:52:57 : INFO  : com.airtel.utilities.Keywords : Executing getObject keyword-->End 
31/05/2020 22:52:57 : INFO  : com.airtel.utilities.Keywords : Executing isElementPresent keyword-->End 
31/05/2020 22:52:58 : INFO  : com.airtel.utilities.Keywords : Executing isElementPresent keyword-->Start 
31/05/2020 22:52:58 : INFO  : com.airtel.utilities.Keywords : Executing getObject keyword-->Start 
31/05/2020 22:52:58 : INFO  : com.airtel.utilities.Keywords : Executing getObject keyword-->End 
31/05/2020 22:52:58 : INFO  : com.airtel.utilities.Keywords : Executing isElementPresent keyword-->End 
31/05/2020 22:52:59 : INFO  : com.airtel.utilities.Keywords : Executing isElementPresent keyword-->Start 
31/05/2020 22:52:59 : INFO  : com.airtel.utilities.Keywords : Executing getObject keyword-->Start 
31/05/2020 22:52:59 : INFO  : com.airtel.utilities.Keywords : Executing getObject keyword-->End 
31/05/2020 22:52:59 : INFO  : com.airtel.utilities.Keywords : Executing isElementPresent keyword-->End 
31/05/2020 22:53:00 : INFO  : com.airtel.utilities.Keywords : Executing isElementPresent keyword-->Start 
31/05/2020 22:53:00 : INFO  : com.airtel.utilities.Keywords : Executing getObject keyword-->Start 
31/05/2020 22:53:00 : INFO  : com.airtel.utilities.Keywords : Executing getObject keyword-->End 
31/05/2020 22:53:00 : INFO  : com.airtel.utilities.Keywords : Executing isElementPresent keyword-->End 
31/05/2020 22:53:00 : INFO  : com.airtel.utilities.InvokeWebDriver : InvokeWebDriver-->>getWebDriverInstance start  
31/05/2020 22:53:00 : INFO  : com.airtel.utilities.InvokeWebDriver : InvokeWebDriver-->>getWebDriverInstance  ChromeDriver: chrome on XP (a75840e3ceb9bd24fc648999c39bd9e1) 
31/05/2020 22:53:01 : INFO  : com.airtel.utilities.InvokeWebDriver : InvokeWebDriver-->>getWebDriverInstance start  
31/05/2020 22:53:01 : INFO  : com.airtel.utilities.InvokeWebDriver : InvokeWebDriver-->>getWebDriverInstance start  
31/05/2020 22:53:01 : INFO  : com.airtel.utilities.InvokeWebDriver : InvokeWebDriver-->>getWebDriverInstance  ChromeDriver: chrome on XP (a75840e3ceb9bd24fc648999c39bd9e1) 
31/05/2020 22:53:01 : INFO  : com.airtel.utilities.InvokeWebDriver : InvokeWebDriver-->>getWebDriverInstance start  
31/05/2020 22:53:05 : INFO  : com.airtel.utilities.Keywords : Executing isElementPresent keyword-->Start 
31/05/2020 22:53:05 : INFO  : com.airtel.utilities.Keywords : Executing getObject keyword-->Start 
31/05/2020 22:53:05 : INFO  : com.airtel.utilities.Keywords : Executing getObject keyword-->End 
31/05/2020 22:53:05 : INFO  : com.airtel.utilities.Keywords : Executing isElementPresent keyword-->End 
31/05/2020 22:53:05 : INFO  : com.airtel.utilities.Keywords : Executing click keyword -->Start 
31/05/2020 22:53:05 : INFO  : com.airtel.utilities.Keywords : Clicking the object : 
31/05/2020 22:53:05 : INFO  : com.airtel.utilities.Keywords : Executing getObject keyword-->Start 
31/05/2020 22:53:05 : INFO  : com.airtel.utilities.Keywords : Executing getObject keyword-->End 
31/05/2020 22:53:07 : INFO  : com.airtel.utilities.Keywords : Click By.xpath: //a[@href='https://www.airtel.in/s/selfcare?icid=header'] Successfull 
31/05/2020 22:53:07 : INFO  : com.airtel.utilities.Keywords : Executing click keyword -->End 
31/05/2020 22:53:07 : INFO  : com.airtel.utilities.Keywords : Executing isElementPresent keyword-->Start 
31/05/2020 22:53:07 : INFO  : com.airtel.utilities.Keywords : Executing getObject keyword-->Start 
31/05/2020 22:53:07 : INFO  : com.airtel.utilities.Keywords : Executing getObject keyword-->End 
31/05/2020 22:53:07 : INFO  : com.airtel.utilities.Keywords : Executing isElementPresent keyword-->End 
31/05/2020 22:53:07 : INFO  : com.airtel.utilities.Keywords : Executing isElementPresent keyword-->Start 
31/05/2020 22:53:07 : INFO  : com.airtel.utilities.Keywords : Executing getObject keyword-->Start 
31/05/2020 22:53:07 : INFO  : com.airtel.utilities.Keywords : Executing getObject keyword-->End 
31/05/2020 22:53:07 : INFO  : com.airtel.utilities.Keywords : Executing isElementPresent keyword-->End 
31/05/2020 22:53:07 : INFO  : com.airtel.utilities.Keywords : Executing isElementPresent keyword-->Start 
31/05/2020 22:53:07 : INFO  : com.airtel.utilities.Keywords : Executing getObject keyword-->Start 
31/05/2020 22:53:07 : INFO  : com.airtel.utilities.Keywords : Executing getObject keyword-->End 
31/05/2020 22:53:07 : INFO  : com.airtel.utilities.Keywords : Executing isElementPresent keyword-->End 
31/05/2020 22:53:07 : INFO  : com.airtel.utilities.Keywords : Executing isElementPresent keyword-->Start 
31/05/2020 22:53:07 : INFO  : com.airtel.utilities.Keywords : Executing getObject keyword-->Start 
31/05/2020 22:53:08 : INFO  : com.airtel.utilities.Keywords : Executing getObject keyword-->End 
31/05/2020 22:53:08 : INFO  : com.airtel.utilities.Keywords : Executing isElementPresent keyword-->End 
31/05/2020 22:53:08 : INFO  : com.airtel.utilities.Keywords : Executing isElementPresent keyword-->Start 
31/05/2020 22:53:08 : INFO  : com.airtel.utilities.Keywords : Executing getObject keyword-->Start 
31/05/2020 22:53:08 : INFO  : com.airtel.utilities.Keywords : Executing getObject keyword-->End 
31/05/2020 22:53:08 : INFO  : com.airtel.utilities.Keywords : Executing isElementPresent keyword-->End 
31/05/2020 22:53:08 : INFO  : com.airtel.utilities.Keywords : Executing isElementPresent keyword-->Start 
31/05/2020 22:53:08 : INFO  : com.airtel.utilities.Keywords : Executing getObject keyword-->Start 
31/05/2020 22:53:08 : INFO  : com.airtel.utilities.Keywords : Executing getObject keyword-->End 
31/05/2020 22:53:08 : INFO  : com.airtel.utilities.Keywords : Executing isElementPresent keyword-->End 
31/05/2020 22:53:08 : INFO  : com.airtel.utilities.Keywords : Executing isElementPresent keyword-->Start 
31/05/2020 22:53:08 : INFO  : com.airtel.utilities.Keywords : Executing getObject keyword-->Start 
31/05/2020 22:53:08 : INFO  : com.airtel.utilities.Keywords : Executing getObject keyword-->End 
31/05/2020 22:53:08 : INFO  : com.airtel.utilities.Keywords : Executing isElementPresent keyword-->End 
31/05/2020 22:53:08 : INFO  : com.airtel.utilities.Keywords : Executing isElementPresent keyword-->Start 
31/05/2020 22:53:08 : INFO  : com.airtel.utilities.Keywords : Executing getObject keyword-->Start 
31/05/2020 22:53:08 : INFO  : com.airtel.utilities.Keywords : Executing getObject keyword-->End 
31/05/2020 22:53:08 : INFO  : com.airtel.utilities.Keywords : Executing isElementPresent keyword-->End 
31/05/2020 22:53:08 : INFO  : com.airtel.utilities.Keywords : Executing isElementPresent keyword-->Start 
31/05/2020 22:53:08 : INFO  : com.airtel.utilities.Keywords : Executing getObject keyword-->Start 
31/05/2020 22:53:08 : INFO  : com.airtel.utilities.Keywords : Executing getObject keyword-->End 
31/05/2020 22:53:08 : INFO  : com.airtel.utilities.Keywords : Executing isElementPresent keyword-->End 
31/05/2020 22:53:08 : INFO  : com.airtel.utilities.Keywords : Executing isElementPresent keyword-->Start 
31/05/2020 22:53:08 : INFO  : com.airtel.utilities.Keywords : Executing getObject keyword-->Start 
31/05/2020 22:53:08 : INFO  : com.airtel.utilities.Keywords : Executing getObject keyword-->End 
31/05/2020 22:53:08 : INFO  : com.airtel.utilities.Keywords : Executing isElementPresent keyword-->End 
31/05/2020 22:53:10 : INFO  : com.airtel.utilities.Keywords : Executing type keyword-->Start 
31/05/2020 22:53:10 : INFO  : com.airtel.utilities.Keywords : Executing getObject keyword-->Start 
31/05/2020 22:53:10 : INFO  : com.airtel.utilities.Keywords : Executing getObject keyword-->End 
31/05/2020 22:53:10 : INFO  : com.airtel.utilities.Keywords : Executing getObject keyword-->Start 
31/05/2020 22:53:10 : INFO  : com.airtel.utilities.Keywords : Executing getObject keyword-->End 
31/05/2020 22:53:10 : INFO  : com.airtel.utilities.Keywords : 9949677751 entered into the textbox null 
31/05/2020 22:53:10 : INFO  : com.airtel.utilities.Keywords : Executing type keyword-->End 
31/05/2020 22:53:10 : INFO  : com.airtel.utilities.Keywords : Executing type keyword-->Start 
31/05/2020 22:53:10 : INFO  : com.airtel.utilities.Keywords : Executing getObject keyword-->Start 
31/05/2020 22:53:10 : INFO  : com.airtel.utilities.Keywords : Executing getObject keyword-->End 
31/05/2020 22:53:10 : INFO  : com.airtel.utilities.Keywords : Executing getObject keyword-->Start 
31/05/2020 22:53:10 : INFO  : com.airtel.utilities.Keywords : Executing getObject keyword-->End 
31/05/2020 22:53:10 : INFO  : com.airtel.utilities.Keywords : Hyderabad@123 entered into the textbox null 
31/05/2020 22:53:10 : INFO  : com.airtel.utilities.Keywords : Executing type keyword-->End 
31/05/2020 22:53:10 : INFO  : com.airtel.utilities.Keywords : Executing click keyword -->Start 
31/05/2020 22:53:10 : INFO  : com.airtel.utilities.Keywords : Clicking the object : 
31/05/2020 22:53:10 : INFO  : com.airtel.utilities.Keywords : Executing getObject keyword-->Start 
31/05/2020 22:53:10 : INFO  : com.airtel.utilities.Keywords : Executing getObject keyword-->End 
31/05/2020 22:53:11 : INFO  : com.airtel.utilities.Keywords : Click By.xpath: //a[@id='loginButtonSpan'] Successfull 
31/05/2020 22:53:11 : INFO  : com.airtel.utilities.Keywords : Executing click keyword -->End 
31/05/2020 22:53:20 : INFO  : com.airtel.utilities.Keywords : Executing isElementPresent keyword-->Start 
31/05/2020 22:53:20 : INFO  : com.airtel.utilities.Keywords : Executing getObject keyword-->Start 
31/05/2020 22:53:20 : INFO  : com.airtel.utilities.Keywords : Executing getObject keyword-->End 
31/05/2020 22:53:20 : INFO  : com.airtel.utilities.Keywords : Executing isElementPresent keyword-->End 
31/05/2020 22:53:20 : INFO  : com.airtel.utilities.Keywords : Executing isElementPresent keyword-->Start 
31/05/2020 22:53:20 : INFO  : com.airtel.utilities.Keywords : Executing getObject keyword-->Start 
31/05/2020 22:53:20 : INFO  : com.airtel.utilities.Keywords : Executing getObject keyword-->End 
31/05/2020 22:53:20 : INFO  : com.airtel.utilities.Keywords : Executing isElementPresent keyword-->End 
31/05/2020 22:53:20 : INFO  : com.airtel.utilities.Keywords : Executing isElementPresent keyword-->Start 
31/05/2020 22:53:20 : INFO  : com.airtel.utilities.Keywords : Executing getObject keyword-->Start 
31/05/2020 22:53:20 : INFO  : com.airtel.utilities.Keywords : Executing getObject keyword-->End 
31/05/2020 22:53:20 : INFO  : com.airtel.utilities.Keywords : Executing isElementPresent keyword-->End 
31/05/2020 22:53:20 : INFO  : com.airtel.utilities.Keywords : Executing isElementPresent keyword-->Start 
31/05/2020 22:53:20 : INFO  : com.airtel.utilities.Keywords : Executing getObject keyword-->Start 
31/05/2020 22:53:20 : INFO  : com.airtel.utilities.Keywords : Executing getObject keyword-->End 
31/05/2020 22:53:20 : INFO  : com.airtel.utilities.Keywords : Executing isElementPresent keyword-->End 
31/05/2020 22:53:20 : INFO  : com.airtel.utilities.Keywords : Executing isElementPresent keyword-->Start 
31/05/2020 22:53:20 : INFO  : com.airtel.utilities.Keywords : Executing getObject keyword-->Start 
31/05/2020 22:53:20 : INFO  : com.airtel.utilities.Keywords : Executing getObject keyword-->End 
31/05/2020 22:53:20 : INFO  : com.airtel.utilities.Keywords : Executing isElementPresent keyword-->End 
31/05/2020 22:53:20 : INFO  : com.airtel.utilities.Keywords : Executing isElementPresent keyword-->Start 
31/05/2020 22:53:20 : INFO  : com.airtel.utilities.Keywords : Executing getObject keyword-->Start 
31/05/2020 22:53:20 : INFO  : com.airtel.utilities.Keywords : Executing getObject keyword-->End 
31/05/2020 22:53:20 : INFO  : com.airtel.utilities.Keywords : Executing isElementPresent keyword-->End 
31/05/2020 22:53:20 : INFO  : com.airtel.utilities.Keywords : Executing isElementPresent keyword-->Start 
31/05/2020 22:53:20 : INFO  : com.airtel.utilities.Keywords : Executing getObject keyword-->Start 
31/05/2020 22:53:20 : INFO  : com.airtel.utilities.Keywords : Executing getObject keyword-->End 
31/05/2020 22:53:20 : INFO  : com.airtel.utilities.Keywords : Executing isElementPresent keyword-->End 
31/05/2020 22:53:20 : INFO  : com.airtel.utilities.Keywords : Executing isElementPresent keyword-->Start 
31/05/2020 22:53:20 : INFO  : com.airtel.utilities.Keywords : Executing getObject keyword-->Start 
31/05/2020 22:53:21 : INFO  : com.airtel.utilities.Keywords : Executing getObject keyword-->End 
31/05/2020 22:53:21 : INFO  : com.airtel.utilities.Keywords : Executing isElementPresent keyword-->End 
